<?xml version="1.0" encoding="UTF-8"?>
<!-- Generated by org.testng.reporters.JUnitReportReporter -->
<testsuite hostname="Ant-gurpreet-ATR999" failures="0" tests="1" name="com.QA.TestCases.UserLoginTC" time="10.553" errors="0" timestamp="2024-05-30T14:59:24 IST" skipped="0">
  <testcase classname="com.QA.TestCases.UserLoginTC" name="VerifyUserLoginTC" time="10.553"/>
  <system-out/>
</testsuite> <!-- com.QA.TestCases.UserLoginTC -->
