<?xml version="1.0" encoding="UTF-8"?>
<!-- Generated by org.testng.reporters.JUnitReportReporter -->
<testsuite hostname="Ant-gurpreet-ATR999" failures="0" tests="1" name="com.QA.TestCases.VerifyEmailAddressTC" time="29.143" errors="0" timestamp="2024-05-30T15:28:15 IST" skipped="0">
  <testcase classname="com.QA.TestCases.VerifyEmailAddressTC" name="VerifyUserEmailAddressTC" time="29.143"/>
  <system-out/>
</testsuite> <!-- com.QA.TestCases.VerifyEmailAddressTC -->
